# JRE version: Java(TM) SE Runtime Environment (8.0_191-b12) (build 1.8.0_191-b12)
# Java VM: Java HotSpot(TM) 64-Bit Server VM (25.191-b12 mixed mode windows-amd64 compressed oops)
Heap:
 PSYoungGen      total 123392K, used 58823K [0x00000000f5580000, 0x0000000100000000, 0x0000000100000000)
  eden space 75776K, 32% used [0x00000000f5580000,0x00000000f6d893d0,0x00000000f9f80000)
  from space 47616K, 71% used [0x00000000f9f80000,0x00000000fc0e8c08,0x00000000fce00000)
  to   space 48640K, 0% used [0x00000000fd080000,0x00000000fd080000,0x0000000100000000)
 ParOldGen       total 349696K, used 246100K [0x00000000e0000000, 0x00000000f5580000, 0x00000000f5580000)
  object space 349696K, 70% used [0x00000000e0000000,0x00000000ef055170,0x00000000f5580000)
 Metaspace       used 110877K, capacity 118859K, committed 119040K, reserved 1150976K
  class space    used 15211K, capacity 17082K, committed 17152K, reserved 1048576K
GC Heap History (10 events):
Event: 133.643 GC heap before
{Heap before GC invocations=37 (full 4):
 PSYoungGen      total 122880K, used 111088K [0x00000000f5580000, 0x0000000100000000, 0x0000000100000000)
  eden space 78336K, 100% used [0x00000000f5580000,0x00000000fa200000,0x00000000fa200000)
  from space 44544K, 73% used [0x00000000fd480000,0x00000000ff47c258,0x0000000100000000)
  to   space 48128K, 0% used [0x00000000fa200000,0x00000000fa200000,0x00000000fd100000)
 ParOldGen       total 349696K, used 203567K [0x00000000e0000000, 0x00000000f5580000, 0x00000000f5580000)
  object space 349696K, 58% used [0x00000000e0000000,0x00000000ec6cbe70,0x00000000f5580000)
 Metaspace       used 82612K, capacity 90176K, committed 90496K, reserved 1126400K
  class space    used 11376K, capacity 13119K, committed 13184K, reserved 1048576K
Event: 133.703 GC heap after
Heap after GC invocations=37 (full 4):
 PSYoungGen      total 111616K, used 32976K [0x00000000f5580000, 0x0000000100000000, 0x0000000100000000)
  eden space 78336K, 0% used [0x00000000f5580000,0x00000000f5580000,0x00000000fa200000)
  from space 33280K, 99% used [0x00000000fa200000,0x00000000fc234248,0x00000000fc280000)
  to   space 49664K, 0% used [0x00000000fcf80000,0x00000000fcf80000,0x0000000100000000)
 ParOldGen       total 349696K, used 208959K [0x00000000e0000000, 0x00000000f5580000, 0x00000000f5580000)
  object space 349696K, 59% used [0x00000000e0000000,0x00000000ecc0fe80,0x00000000f5580000)
 Metaspace       used 82612K, capacity 90176K, committed 90496K, reserved 1126400K
  class space    used 11376K, capacity 13119K, committed 13184K, reserved 1048576K
}
Event: 135.136 GC heap before
{Heap before GC invocations=38 (full 4):
 PSYoungGen      total 111616K, used 111312K [0x00000000f5580000, 0x0000000100000000, 0x0000000100000000)
  eden space 78336K, 100% used [0x00000000f5580000,0x00000000fa200000,0x00000000fa200000)
  from space 33280K, 99% used [0x00000000fa200000,0x00000000fc234248,0x00000000fc280000)
  to   space 49664K, 0% used [0x00000000fcf80000,0x00000000fcf80000,0x0000000100000000)
 ParOldGen       total 349696K, used 208959K [0x00000000e0000000, 0x00000000f5580000, 0x00000000f5580000)
  object space 349696K, 59% used [0x00000000e0000000,0x00000000ecc0fe80,0x00000000f5580000)
 Metaspace       used 82706K, capacity 90240K, committed 90496K, reserved 1126400K
  class space    used 11377K, capacity 13119K, committed 13184K, reserved 1048576K
Event: 135.189 GC heap after
Heap after GC invocations=38 (full 4):
 PSYoungGen      total 123904K, used 33312K [0x00000000f5580000, 0x0000000100000000, 0x0000000100000000)
  eden space 74240K, 0% used [0x00000000f5580000,0x00000000f5580000,0x00000000f9e00000)
  from space 49664K, 67% used [0x00000000fcf80000,0x00000000ff008000,0x0000000100000000)
  to   space 50176K, 0% used [0x00000000f9e00000,0x00000000f9e00000,0x00000000fcf00000)
 ParOldGen       total 349696K, used 215100K [0x00000000e0000000, 0x00000000f5580000, 0x00000000f5580000)
  object space 349696K, 61% used [0x00000000e0000000,0x00000000ed20f278,0x00000000f5580000)
 Metaspace       used 82706K, capacity 90240K, committed 90496K, reserved 1126400K
  class space    used 11377K, capacity 13119K, committed 13184K, reserved 1048576K
}
Event: 138.697 GC heap before
{Heap before GC invocations=39 (full 4):
 PSYoungGen      total 123904K, used 107552K [0x00000000f5580000, 0x0000000100000000, 0x0000000100000000)
  eden space 74240K, 100% used [0x00000000f5580000,0x00000000f9e00000,0x00000000f9e00000)
  from space 49664K, 67% used [0x00000000fcf80000,0x00000000ff008000,0x0000000100000000)
  to   space 50176K, 0% used [0x00000000f9e00000,0x00000000f9e00000,0x00000000fcf00000)
 ParOldGen       total 349696K, used 215100K [0x00000000e0000000, 0x00000000f5580000, 0x00000000f5580000)
  object space 349696K, 61% used [0x00000000e0000000,0x00000000ed20f278,0x00000000f5580000)
 Metaspace       used 88582K, capacity 96220K, committed 96640K, reserved 1132544K
  class space    used 12059K, capacity 13835K, committed 13952K, reserved 1048576K
Event: 138.729 GC heap after
Heap after GC invocations=39 (full 4):
 PSYoungGen      total 102400K, used 28051K [0x00000000f5580000, 0x00000000ffd80000, 0x0000000100000000)
  eden space 74240K, 0% used [0x00000000f5580000,0x00000000f5580000,0x00000000f9e00000)
  from space 28160K, 99% used [0x00000000f9e00000,0x00000000fb964c30,0x00000000fb980000)
  to   space 48640K, 0% used [0x00000000fce00000,0x00000000fce00000,0x00000000ffd80000)
 ParOldGen       total 349696K, used 228026K [0x00000000e0000000, 0x00000000f5580000, 0x00000000f5580000)
  object space 349696K, 65% used [0x00000000e0000000,0x00000000edeae950,0x00000000f5580000)
 Metaspace       used 88582K, capacity 96220K, committed 96640K, reserved 1132544K
  class space    used 12059K, capacity 13835K, committed 13952K, reserved 1048576K
}
Event: 142.597 GC heap before
{Heap before GC invocations=40 (full 4):
 PSYoungGen      total 102400K, used 102291K [0x00000000f5580000, 0x00000000ffd80000, 0x0000000100000000)
  eden space 74240K, 100% used [0x00000000f5580000,0x00000000f9e00000,0x00000000f9e00000)
  from space 28160K, 99% used [0x00000000f9e00000,0x00000000fb964c30,0x00000000fb980000)
  to   space 48640K, 0% used [0x00000000fce00000,0x00000000fce00000,0x00000000ffd80000)
 ParOldGen       total 349696K, used 228026K [0x00000000e0000000, 0x00000000f5580000, 0x00000000f5580000)
  object space 349696K, 65% used [0x00000000e0000000,0x00000000edeae950,0x00000000f5580000)
 Metaspace       used 96796K, capacity 104501K, committed 104832K, reserved 1138688K
  class space    used 13093K, capacity 14865K, committed 14976K, reserved 1048576K
Event: 142.655 GC heap after
Heap after GC invocations=40 (full 4):
 PSYoungGen      total 124416K, used 28042K [0x00000000f5580000, 0x0000000100000000, 0x0000000100000000)
  eden space 75776K, 0% used [0x00000000f5580000,0x00000000f5580000,0x00000000f9f80000)
  from space 48640K, 57% used [0x00000000fce00000,0x00000000fe962a00,0x00000000ffd80000)
  to   space 47616K, 0% used [0x00000000f9f80000,0x00000000f9f80000,0x00000000fce00000)
 ParOldGen       total 349696K, used 239846K [0x00000000e0000000, 0x00000000f5580000, 0x00000000f5580000)
  object space 349696K, 68% used [0x00000000e0000000,0x00000000eea399b8,0x00000000f5580000)
 Metaspace       used 96796K, capacity 104501K, committed 104832K, reserved 1138688K
  class space    used 13093K, capacity 14865K, committed 14976K, reserved 1048576K
}
Event: 148.110 GC heap before
{Heap before GC invocations=41 (full 4):
 PSYoungGen      total 124416K, used 103818K [0x00000000f5580000, 0x0000000100000000, 0x0000000100000000)
  eden space 75776K, 100% used [0x00000000f5580000,0x00000000f9f80000,0x00000000f9f80000)
  from space 48640K, 57% used [0x00000000fce00000,0x00000000fe962a00,0x00000000ffd80000)
  to   space 47616K, 0% used [0x00000000f9f80000,0x00000000f9f80000,0x00000000fce00000)
 ParOldGen       total 349696K, used 239846K [0x00000000e0000000, 0x00000000f5580000, 0x00000000f5580000)
  object space 349696K, 68% used [0x00000000e0000000,0x00000000eea399b8,0x00000000f5580000)
 Metaspace       used 110845K, capacity 118859K, committed 119040K, reserved 1150976K
  class space    used 15210K, capacity 17082K, committed 17152K, reserved 1048576K
Event: 148.148 GC heap after
Heap after GC invocations=41 (full 4):
 PSYoungGen      total 123392K, used 34211K [0x00000000f5580000, 0x0000000100000000, 0x0000000100000000)
  eden space 75776K, 0% used [0x00000000f5580000,0x00000000f5580000,0x00000000f9f80000)
  from space 47616K, 71% used [0x00000000f9f80000,0x00000000fc0e8c08,0x00000000fce00000)
  to   space 48640K, 0% used [0x00000000fd080000,0x00000000fd080000,0x0000000100000000)
 ParOldGen       total 349696K, used 246100K [0x00000000e0000000, 0x00000000f5580000, 0x00000000f5580000)
  object space 349696K, 70% used [0x00000000e0000000,0x00000000ef055170,0x00000000f5580000)
 Metaspace       used 110845K, capacity 118859K, committed 119040K, reserved 1150976K
  class space    used 15210K, capacity 17082K, committed 17152K, reserved 1048576K
}

